<?xml version="1.0" encoding="UTF-8"?>
<!-- Generated by org.testng.reporters.JUnitXMLReporter -->
<testsuite ignored="0" hostname="LAPTOP-6HH92O8G" failures="0" tests="6" name="Default test" time="17.2" errors="0" timestamp="2023-03-18T19:08:07 IST">
  <testcase classname="api.test.DDTests" name="testPostUser" time="4.097"/>
  <testcase classname="api.test.DDTests" name="testPostUser" time="2.4"/>
  <testcase classname="api.test.DDTests" name="testPostUser" time="2.347"/>
  <testcase classname="api.test.DDTests" name="testDeleteUserByName" time="2.254"/>
  <testcase classname="api.test.DDTests" name="testDeleteUserByName" time="2.452"/>
  <testcase classname="api.test.DDTests" name="testDeleteUserByName" time="2.355"/>
</testsuite> <!-- Default test -->
