<?xml version="1.0" encoding="UTF-8"?>
<testng-results ignored="0" total="4" passed="4" failed="0" skipped="0">
  <reporter-output>
  </reporter-output>
  <suite started-at="2023-03-23T07:28:26 IST" name="PetSuite" finished-at="2023-03-23T07:28:39 IST" duration-ms="12785">
    <groups>
    </groups>
    <test started-at="2023-03-23T07:28:26 IST" name="PetTest" finished-at="2023-03-23T07:28:39 IST" duration-ms="12785">
      <class name="api.test.UserTest">
        <test-method is-config="true" signature="setupData()[pri:0, instance:api.test.UserTest@18df8434]" started-at="2023-03-23T07:28:27 IST" name="setupData" finished-at="2023-03-23T07:28:27 IST" duration-ms="740" status="PASS">
          <reporter-output>
          </reporter-output>
        </test-method> <!-- setupData -->
        <test-method signature="testPostUser()[pri:1, instance:api.test.UserTest@18df8434]" started-at="2023-03-23T07:28:27 IST" name="testPostUser" finished-at="2023-03-23T07:28:32 IST" duration-ms="4187" status="PASS">
          <reporter-output>
          </reporter-output>
        </test-method> <!-- testPostUser -->
        <test-method signature="testGetUserByName()[pri:2, instance:api.test.UserTest@18df8434]" started-at="2023-03-23T07:28:32 IST" name="testGetUserByName" finished-at="2023-03-23T07:28:34 IST" duration-ms="1843" status="PASS">
          <reporter-output>
          </reporter-output>
        </test-method> <!-- testGetUserByName -->
        <test-method signature="testUpdateUserByName()[pri:3, instance:api.test.UserTest@18df8434]" started-at="2023-03-23T07:28:34 IST" name="testUpdateUserByName" finished-at="2023-03-23T07:28:37 IST" duration-ms="3674" status="PASS">
          <reporter-output>
          </reporter-output>
        </test-method> <!-- testUpdateUserByName -->
        <test-method signature="testDeleteUserByName()[pri:4, instance:api.test.UserTest@18df8434]" started-at="2023-03-23T07:28:37 IST" name="testDeleteUserByName" finished-at="2023-03-23T07:28:39 IST" duration-ms="1942" status="PASS">
          <reporter-output>
          </reporter-output>
        </test-method> <!-- testDeleteUserByName -->
      </class> <!-- api.test.UserTest -->
    </test> <!-- PetTest -->
  </suite> <!-- PetSuite -->
</testng-results>
