<?xml version="1.0" encoding="UTF-8"?>
<testng-results ignored="0" total="6" passed="6" failed="0" skipped="0">
  <reporter-output>
  </reporter-output>
  <suite started-at="2023-03-19T07:16:46 IST" name="PetSuite" finished-at="2023-03-19T07:17:00 IST" duration-ms="14474">
    <groups>
    </groups>
    <test started-at="2023-03-19T07:16:46 IST" name="PetTest" finished-at="2023-03-19T07:17:00 IST" duration-ms="14474">
      <class name="api.test.DDTests">
        <test-method signature="testPostUser(java.lang.String,java.lang.String,java.lang.String,java.lang.String,java.lang.String,java.lang.String,java.lang.String)[pri:1, instance:api.test.DDTests@48c35007]" started-at="2023-03-19T07:16:47 IST" name="testPostUser" data-provider="Data" finished-at="2023-03-19T07:16:51 IST" duration-ms="3508" status="PASS">
          <params>
            <param index="0">
              <value>
                <![CDATA[1010]]>
              </value>
            </param>
            <param index="1">
              <value>
                <![CDATA[testuser1]]>
              </value>
            </param>
            <param index="2">
              <value>
                <![CDATA[john]]>
              </value>
            </param>
            <param index="3">
              <value>
                <![CDATA[canedy]]>
              </value>
            </param>
            <param index="4">
              <value>
                <![CDATA[a@gmail.com]]>
              </value>
            </param>
            <param index="5">
              <value>
                <![CDATA[test@1]]>
              </value>
            </param>
            <param index="6">
              <value>
                <![CDATA[1234567897]]>
              </value>
            </param>
          </params>
          <reporter-output>
          </reporter-output>
        </test-method> <!-- testPostUser -->
        <test-method signature="testPostUser(java.lang.String,java.lang.String,java.lang.String,java.lang.String,java.lang.String,java.lang.String,java.lang.String)[pri:1, instance:api.test.DDTests@48c35007]" started-at="2023-03-19T07:16:51 IST" name="testPostUser" data-provider="Data" finished-at="2023-03-19T07:16:52 IST" duration-ms="1873" status="PASS">
          <params>
            <param index="0">
              <value>
                <![CDATA[1020]]>
              </value>
            </param>
            <param index="1">
              <value>
                <![CDATA[testuser2]]>
              </value>
            </param>
            <param index="2">
              <value>
                <![CDATA[kim]]>
              </value>
            </param>
            <param index="3">
              <value>
                <![CDATA[kom]]>
              </value>
            </param>
            <param index="4">
              <value>
                <![CDATA[b@gmail.com]]>
              </value>
            </param>
            <param index="5">
              <value>
                <![CDATA[test@2]]>
              </value>
            </param>
            <param index="6">
              <value>
                <![CDATA[1234567897]]>
              </value>
            </param>
          </params>
          <reporter-output>
          </reporter-output>
        </test-method> <!-- testPostUser -->
        <test-method signature="testPostUser(java.lang.String,java.lang.String,java.lang.String,java.lang.String,java.lang.String,java.lang.String,java.lang.String)[pri:1, instance:api.test.DDTests@48c35007]" started-at="2023-03-19T07:16:52 IST" name="testPostUser" data-provider="Data" finished-at="2023-03-19T07:16:54 IST" duration-ms="1632" status="PASS">
          <params>
            <param index="0">
              <value>
                <![CDATA[1030]]>
              </value>
            </param>
            <param index="1">
              <value>
                <![CDATA[testuser3]]>
              </value>
            </param>
            <param index="2">
              <value>
                <![CDATA[smith]]>
              </value>
            </param>
            <param index="3">
              <value>
                <![CDATA[steven]]>
              </value>
            </param>
            <param index="4">
              <value>
                <![CDATA[c@gmail.com]]>
              </value>
            </param>
            <param index="5">
              <value>
                <![CDATA[test@3]]>
              </value>
            </param>
            <param index="6">
              <value>
                <![CDATA[1234567897]]>
              </value>
            </param>
          </params>
          <reporter-output>
          </reporter-output>
        </test-method> <!-- testPostUser -->
        <test-method signature="testDeleteUserByName(java.lang.String)[pri:2, instance:api.test.DDTests@48c35007]" started-at="2023-03-19T07:16:54 IST" name="testDeleteUserByName" data-provider="UserNames" finished-at="2023-03-19T07:16:56 IST" duration-ms="2013" status="PASS">
          <params>
            <param index="0">
              <value>
                <![CDATA[testuser1]]>
              </value>
            </param>
          </params>
          <reporter-output>
          </reporter-output>
        </test-method> <!-- testDeleteUserByName -->
        <test-method signature="testDeleteUserByName(java.lang.String)[pri:2, instance:api.test.DDTests@48c35007]" started-at="2023-03-19T07:16:56 IST" name="testDeleteUserByName" data-provider="UserNames" finished-at="2023-03-19T07:16:58 IST" duration-ms="2043" status="PASS">
          <params>
            <param index="0">
              <value>
                <![CDATA[testuser2]]>
              </value>
            </param>
          </params>
          <reporter-output>
          </reporter-output>
        </test-method> <!-- testDeleteUserByName -->
        <test-method signature="testDeleteUserByName(java.lang.String)[pri:2, instance:api.test.DDTests@48c35007]" started-at="2023-03-19T07:16:58 IST" name="testDeleteUserByName" data-provider="UserNames" finished-at="2023-03-19T07:17:00 IST" duration-ms="1842" status="PASS">
          <params>
            <param index="0">
              <value>
                <![CDATA[testuser3]]>
              </value>
            </param>
          </params>
          <reporter-output>
          </reporter-output>
        </test-method> <!-- testDeleteUserByName -->
      </class> <!-- api.test.DDTests -->
    </test> <!-- PetTest -->
  </suite> <!-- PetSuite -->
</testng-results>
