<?xml version="1.0" encoding="UTF-8"?>
<!-- Generated by org.testng.reporters.JUnitXMLReporter -->
<testsuite ignored="0" hostname="LAPTOP-6HH92O8G" failures="0" tests="4" name="PetTest" time="12.785" errors="0" timestamp="2023-03-23T07:28:40 IST">
  <testcase classname="api.test.UserTest" name="testPostUser" time="4.187"/>
  <testcase classname="api.test.UserTest" name="testGetUserByName" time="1.843"/>
  <testcase classname="api.test.UserTest" name="testUpdateUserByName" time="3.674"/>
  <testcase classname="api.test.UserTest" name="testDeleteUserByName" time="1.942"/>
</testsuite> <!-- PetTest -->
