<?xml version="1.0" encoding="UTF-8"?>
<!-- Generated by org.testng.reporters.JUnitXMLReporter -->
<testsuite ignored="0" hostname="LAPTOP-6HH92O8G" failures="0" tests="6" name="PetTest" time="14.474" errors="0" timestamp="2023-03-19T07:17:00 IST">
  <testcase classname="api.test.DDTests" name="testPostUser" time="3.508"/>
  <testcase classname="api.test.DDTests" name="testPostUser" time="1.873"/>
  <testcase classname="api.test.DDTests" name="testPostUser" time="1.632"/>
  <testcase classname="api.test.DDTests" name="testDeleteUserByName" time="2.013"/>
  <testcase classname="api.test.DDTests" name="testDeleteUserByName" time="2.043"/>
  <testcase classname="api.test.DDTests" name="testDeleteUserByName" time="1.842"/>
</testsuite> <!-- PetTest -->
